ls: cannot open directory /etc/couchdb/local.d: Permission denied
ls: cannot open directory /etc/polkit-1/localauthority: Permission denied
ls: cannot open directory /etc/ssl/private: Permission denied
ls: cannot open directory /lost+found: Permission denied
ls: cannot open directory /proc/1/fd: Permission denied
ls: cannot open directory /proc/1/fdinfo: Permission denied
ls: cannot open directory /proc/1/map_files: Permission denied
ls: cannot open directory /proc/1/ns: Permission denied
ls: cannot open directory /proc/1/task/1/fd: Permission denied
ls: cannot open directory /proc/1/task/1/fdinfo: Permission denied
ls: cannot open directory /proc/1/task/1/ns: Permission denied
ls: cannot open directory /proc/275/fd: Permission denied
ls: cannot open directory /proc/275/fdinfo: Permission denied
ls: cannot open directory /proc/275/map_files: Permission denied
ls: cannot open directory /proc/275/ns: Permission denied
ls: cannot open directory /proc/275/task/275/fd: Permission denied
ls: cannot open directory /proc/275/task/275/fdinfo: Permission denied
ls: cannot open directory /proc/275/task/275/ns: Permission denied
ls: cannot open directory /proc/tty/driver: Permission denied
ls: cannot open directory /root: Permission denied
ls: cannot open directory /run/exim4: Permission denied
ls: cannot open directory /var/cache/ldconfig: Permission denied
ls: cannot open directory /var/lib/couchdb: Permission denied
ls: cannot open directory /var/lib/mysql: Permission denied
ls: cannot open directory /var/lib/mysql-files: Permission denied
ls: cannot open directory /var/lib/php5: Permission denied
ls: cannot open directory /var/lib/polkit-1: Permission denied
ls: cannot open directory /var/lib/postgresql/9.3/main: Permission denied
ls: cannot open directory /var/lib/sudo: Permission denied
ls: cannot open directory /var/log/apache2: Permission denied
ls: cannot open directory /var/log/couchdb: Permission denied
ls: cannot open directory /var/log/exim4: Permission denied
ls: cannot open directory /var/log/mysql: Permission denied
ls: cannot open directory /var/spool/cron/crontabs: Permission denied
ls: cannot open directory /var/spool/exim4: Permission denied
ls: cannot open directory /var/spool/rsyslog: Permission denied
